<?xml version="1.0" encoding="UTF-8"?>
<!-- Generated by org.testng.reporters.JUnitXMLReporter -->
<testsuite ignored="0" hostname="DESKTOP-1FMHMCM" failures="0" tests="4" name="Default test" time="8.557" errors="0" timestamp="2020-05-20T20:51:43 ART">
  <testcase classname="Pruebas.Laboratorio4_E1" name="f" time="1.107"/>
  <testcase classname="Pruebas.Laboratorio4_E1" name="ingreso" time="2.006"/>
  <testcase classname="Pruebas.Laboratorio4_E1" name="ingreso" time="2.037"/>
  <testcase classname="Pruebas.Laboratorio4_E1" name="ingreso" time="1.96"/>
</testsuite> <!-- Default test -->
