<?xml version="1.0" encoding="UTF-8"?>
<!-- Generated by org.testng.reporters.JUnitXMLReporter -->
<testsuite ignored="0" hostname="DESKTOP-1FMHMCM" failures="0" tests="3" name="Test" time="22.295" errors="0" timestamp="2020-05-13T21:40:56 ART">
  <testcase classname="Pruebas.Laboratorio3_E2" name="f" time="1.087"/>
  <testcase classname="Pruebas.Laboratorio3_E2" name="ingreso" time="2.294"/>
  <testcase classname="Pruebas.Laboratorio3_E1" name="registroUsuario" time="1.907"/>
</testsuite> <!-- Test -->
