<?xml version="1.0" encoding="UTF-8"?>
<testng-results ignored="0" total="4" passed="4" failed="0" skipped="0">
  <reporter-output>
  </reporter-output>
  <suite started-at="2020-05-20T20:51:34 ART" name="Default suite" finished-at="2020-05-20T20:51:43 ART" duration-ms="8557">
    <groups>
    </groups>
    <test started-at="2020-05-20T20:51:34 ART" name="Default test" finished-at="2020-05-20T20:51:43 ART" duration-ms="8557">
      <class name="Pruebas.Laboratorio4_E1">
        <test-method is-config="true" signature="setUp()[pri:0, instance:Pruebas.Laboratorio4_E1@3a6bb9bf]" started-at="2020-05-20T20:51:25 ART" name="setUp" finished-at="2020-05-20T20:51:34 ART" duration-ms="9463" status="PASS">
          <reporter-output>
          </reporter-output>
        </test-method> <!-- setUp -->
        <test-method signature="f()[pri:0, instance:Pruebas.Laboratorio4_E1@3a6bb9bf]" started-at="2020-05-20T20:51:34 ART" name="f" finished-at="2020-05-20T20:51:35 ART" duration-ms="1107" status="PASS">
          <reporter-output>
          </reporter-output>
        </test-method> <!-- f -->
        <test-method signature="ingreso(java.lang.String, java.lang.String)[pri:1, instance:Pruebas.Laboratorio4_E1@3a6bb9bf]" started-at="2020-05-20T20:51:37 ART" name="ingreso" data-provider="Registro invalido excel" finished-at="2020-05-20T20:51:39 ART" duration-ms="2006" status="PASS">
          <params>
            <param index="0">
              <value>
                <![CDATA[Mari]]>
              </value>
            </param>
            <param index="1">
              <value>
                <![CDATA[123]]>
              </value>
            </param>
          </params>
          <reporter-output>
          </reporter-output>
        </test-method> <!-- ingreso -->
        <test-method signature="ingreso(java.lang.String, java.lang.String)[pri:1, instance:Pruebas.Laboratorio4_E1@3a6bb9bf]" started-at="2020-05-20T20:51:39 ART" name="ingreso" data-provider="Registro invalido excel" finished-at="2020-05-20T20:51:41 ART" duration-ms="2037" status="PASS">
          <params>
            <param index="0">
              <value>
                <![CDATA[Milagros]]>
              </value>
            </param>
            <param index="1">
              <value>
                <![CDATA[hdfhsbf]]>
              </value>
            </param>
          </params>
          <reporter-output>
          </reporter-output>
        </test-method> <!-- ingreso -->
        <test-method signature="ingreso(java.lang.String, java.lang.String)[pri:1, instance:Pruebas.Laboratorio4_E1@3a6bb9bf]" started-at="2020-05-20T20:51:41 ART" name="ingreso" data-provider="Registro invalido excel" finished-at="2020-05-20T20:51:43 ART" duration-ms="1960" status="PASS">
          <params>
            <param index="0">
              <value>
                <![CDATA[Juan]]>
              </value>
            </param>
            <param index="1">
              <value>
                <![CDATA[lala]]>
              </value>
            </param>
          </params>
          <reporter-output>
          </reporter-output>
        </test-method> <!-- ingreso -->
        <test-method is-config="true" signature="afterSuite()[pri:0, instance:Pruebas.Laboratorio4_E1@3a6bb9bf]" started-at="2020-05-20T20:51:43 ART" name="afterSuite" finished-at="2020-05-20T20:51:44 ART" duration-ms="1038" status="PASS">
          <reporter-output>
          </reporter-output>
        </test-method> <!-- afterSuite -->
      </class> <!-- Pruebas.Laboratorio4_E1 -->
    </test> <!-- Default test -->
  </suite> <!-- Default suite -->
</testng-results>
